2025-01-09 05:27:09,201 [WARNING] Config file 'clients.json' not found or it's empty. Creating a new one with default settings.
2025-01-09 05:27:09,202 [INFO] Configuration saved successfully.
2025-01-09 05:27:09,246 [INFO] Config file loaded successfully.
2025-01-09 05:27:09,247 [INFO] Connecting to 149.154.167.51:443/TcpFull...
2025-01-09 05:27:11,235 [INFO] Connection to 149.154.167.51:443/TcpFull complete!
2025-01-09 05:27:12,421 [INFO] Phone migrated to 4
2025-01-09 05:27:12,421 [INFO] Reconnecting to new data center 4
2025-01-09 05:27:12,601 [INFO] Disconnecting from 149.154.167.51:443/TcpFull...
2025-01-09 05:27:12,602 [INFO] Disconnection from 149.154.167.51:443/TcpFull complete!
2025-01-09 05:27:12,602 [INFO] Connecting to 149.154.167.91:443/TcpFull...
2025-01-09 05:27:15,110 [INFO] Connection to 149.154.167.91:443/TcpFull complete!
2025-01-09 05:27:16,128 [INFO] No new sessions detected.
2025-01-09 05:27:16,128 [INFO] Bot started successfully
2025-01-09 05:27:16,128 [INFO] Bot is running...
2025-01-09 05:27:16,128 [ERROR] Error running bot: 'TelegramBot' object has no attribute 'bot'
2025-01-09 05:27:16,129 [CRITICAL] Critical error in main: 'TelegramBot' object has no attribute 'bot'
Traceback (most recent call last):
  File "/home/orv/Documents/projects/Telegram-Panel/main.py", line 9, in main
    asyncio.run(bot.run())
  File "/usr/lib/python3.12/asyncio/runners.py", line 194, in run
    return runner.run(main)
           ^^^^^^^^^^^^^^^^
  File "/usr/lib/python3.12/asyncio/runners.py", line 118, in run
    return self._loop.run_until_complete(task)
           ^^^^^^^^^^^^^^^^^^^^^^^^^^^^^^^^^^^
  File "/usr/lib/python3.12/asyncio/base_events.py", line 686, in run_until_complete
    return future.result()
           ^^^^^^^^^^^^^^^
  File "/home/orv/Documents/projects/Telegram-Panel/src/Telbot.py", line 56, in run
    await self.bot.disconnect()
          ^^^^^^^^
AttributeError: 'TelegramBot' object has no attribute 'bot'. Did you mean: 'tbot'?
2025-01-09 05:31:26,344 [INFO] Config file loaded successfully.
2025-01-09 05:31:26,346 [INFO] Config file loaded successfully.
2025-01-09 05:31:26,346 [INFO] Bot initialized successfully
2025-01-09 05:31:26,346 [INFO] Connecting to 149.154.167.91:443/TcpFull...
2025-01-09 05:31:26,347 [INFO] Connection to 149.154.167.91:443/TcpFull complete!
2025-01-09 05:31:27,573 [INFO] Handlers initialized successfully
2025-01-09 05:31:27,574 [INFO] No new sessions detected.
2025-01-09 05:31:27,574 [INFO] Bot started successfully
2025-01-09 05:31:27,574 [INFO] Bot is running...
2025-01-09 05:31:41,475 [INFO] start command in CommandHandler
2025-01-09 05:31:41,671 [INFO] message_handler in MessageHandler
2025-01-09 05:31:51,614 [INFO] callback_handler in CallbackHandler
2025-01-09 05:31:51,614 [INFO] add_account in callback_handler in CallbackHandler
2025-01-09 05:31:51,615 [INFO] add_account in AccountHandler
2025-01-09 05:31:51,615 [ERROR] Error in add_account: 'TelegramBot' object has no attribute 'bot'
2025-01-09 05:31:51,615 [ERROR] Error in callback_handler: 'TelegramBot' object has no attribute 'bot'
2025-01-09 05:31:54,902 [INFO] callback_handler in CallbackHandler
2025-01-09 05:31:54,902 [INFO] show_accounts in callback_handler in CallbackHandler
2025-01-09 05:31:54,902 [INFO] show_accounts in AccountHandler
2025-01-09 05:31:56,406 [INFO] callback_handler in CallbackHandler
2025-01-09 05:31:56,406 [INFO] update_groups in callback_handler in CallbackHandler
2025-01-09 05:31:56,406 [INFO] update_groups in AccountHandler
2025-01-09 05:31:56,406 [INFO] No new sessions detected.
2025-01-09 05:31:56,586 [INFO] Saved data for 0 clients
2025-01-09 05:31:56,586 [ERROR] Error in update_groups: cannot access local variable 'group_ids' where it is not associated with a value
2025-01-09 05:31:59,023 [INFO] callback_handler in CallbackHandler
2025-01-09 05:31:59,023 [INFO] remove_keyword in callback_handler in CallbackHandler
2025-01-09 05:31:59,023 [INFO] remove_keyword_handler in KeywordHandler
2025-01-09 05:32:02,657 [INFO] message_handler in MessageHandler
2025-01-09 05:32:02,657 [INFO] remove_keyword_handler in KeywordHandler
2025-01-09 05:35:15,644 [INFO] Disconnecting from 149.154.167.91:443/TcpFull...
2025-01-09 05:35:15,645 [INFO] Disconnection from 149.154.167.91:443/TcpFull complete!
2025-01-09 05:35:15,669 [WARNING] Bot run was cancelled
2025-01-09 05:35:15,669 [INFO] Shutting down bot...
2025-01-09 05:35:15,669 [INFO] Not disconnecting (already have no connection)
2025-01-09 05:35:15,672 [INFO] Bot shut down successfully
2025-01-09 05:45:42,313 [INFO] Config file loaded successfully.
2025-01-09 05:45:42,313 [INFO] ConfigManager initialized successfully.
2025-01-09 05:45:42,315 [INFO] Config file loaded successfully.
2025-01-09 05:45:42,315 [INFO] ConfigManager initialized successfully.
2025-01-09 05:45:42,315 [INFO] ClientManager initialized successfully.
2025-01-09 05:45:42,315 [INFO] Bot initialized successfully
2025-01-09 05:45:42,315 [INFO] Connecting to 149.154.167.91:443/TcpFull...
2025-01-09 05:45:42,316 [INFO] Connection to 149.154.167.91:443/TcpFull complete!
2025-01-09 05:45:43,473 [INFO] Handlers initialized successfully
2025-01-09 05:45:43,474 [INFO] No new sessions detected.
2025-01-09 05:45:43,474 [INFO] Bot started successfully
2025-01-09 05:45:43,474 [INFO] Bot is running...
2025-01-09 05:45:54,038 [INFO] start command in CommandHandler
2025-01-09 05:45:54,199 [INFO] message_handler in MessageHandler
2025-01-09 05:45:56,271 [INFO] callback_handler in CallbackHandler
2025-01-09 05:45:56,271 [INFO] add_account in callback_handler in CallbackHandler
2025-01-09 05:45:56,272 [INFO] add_account in AccountHandler
2025-01-09 05:45:56,272 [ERROR] Error in add_account: 'TelegramBot' object has no attribute 'bot'
2025-01-09 05:45:56,272 [ERROR] Error in callback_handler: 'TelegramBot' object has no attribute 'bot'
2025-01-09 05:59:19,013 [INFO] Disconnecting from 149.154.167.91:443/TcpFull...
2025-01-09 05:59:19,014 [INFO] Disconnection from 149.154.167.91:443/TcpFull complete!
2025-01-09 05:59:19,017 [WARNING] Bot run was cancelled
2025-01-09 05:59:19,017 [INFO] Shutting down bot...
2025-01-09 05:59:19,017 [INFO] All clients disconnected successfully.
2025-01-09 05:59:19,018 [INFO] Not disconnecting (already have no connection)
2025-01-09 05:59:19,021 [INFO] Bot shut down successfully
2025-01-09 05:59:47,841 [INFO] Config file loaded successfully.
2025-01-09 05:59:47,841 [INFO] ConfigManager initialized successfully.
2025-01-09 05:59:47,843 [INFO] Config file loaded successfully.
2025-01-09 05:59:47,843 [INFO] ConfigManager initialized successfully.
2025-01-09 05:59:47,843 [INFO] ClientManager initialized successfully.
2025-01-09 05:59:47,843 [INFO] Bot initialized successfully
2025-01-09 05:59:47,844 [INFO] Connecting to 149.154.167.91:443/TcpFull...
2025-01-09 05:59:47,844 [INFO] Connection to 149.154.167.91:443/TcpFull complete!
2025-01-09 05:59:49,050 [INFO] Handlers initialized successfully
2025-01-09 05:59:49,050 [INFO] No new sessions detected.
2025-01-09 05:59:49,050 [INFO] Bot started successfully
2025-01-09 05:59:49,050 [INFO] Bot is running...
2025-01-09 05:59:52,265 [INFO] Disconnecting from 149.154.167.91:443/TcpFull...
2025-01-09 05:59:52,265 [INFO] Disconnection from 149.154.167.91:443/TcpFull complete!
2025-01-09 05:59:52,290 [WARNING] Bot run was cancelled
2025-01-09 05:59:52,290 [INFO] Shutting down bot...
2025-01-09 05:59:52,291 [INFO] All clients disconnected successfully.
2025-01-09 05:59:52,291 [INFO] Not disconnecting (already have no connection)
2025-01-09 05:59:52,295 [INFO] Bot shut down successfully
2025-01-09 05:59:56,007 [INFO] Config file loaded successfully.
2025-01-09 05:59:56,007 [INFO] ConfigManager initialized successfully.
2025-01-09 05:59:56,009 [INFO] Config file loaded successfully.
2025-01-09 05:59:56,009 [INFO] ConfigManager initialized successfully.
2025-01-09 05:59:56,009 [INFO] ClientManager initialized successfully.
2025-01-09 05:59:56,009 [INFO] Bot initialized successfully
2025-01-09 05:59:56,010 [INFO] Connecting to 149.154.167.91:443/TcpFull...
2025-01-09 05:59:56,010 [INFO] Connection to 149.154.167.91:443/TcpFull complete!
2025-01-09 05:59:57,235 [INFO] Handlers initialized successfully
2025-01-09 05:59:57,235 [INFO] No new sessions detected.
2025-01-09 05:59:57,235 [INFO] Bot started successfully
2025-01-09 05:59:57,235 [INFO] Bot is running...
2025-01-09 06:00:04,978 [INFO] start command in CommandHandler
2025-01-09 06:00:05,147 [INFO] message_handler in MessageHandler
2025-01-09 06:00:07,308 [INFO] callback_handler in CallbackHandler
2025-01-09 06:00:07,308 [INFO] add_account in callback_handler in CallbackHandler
2025-01-09 06:00:07,308 [INFO] add_account in AccountHandler
2025-01-09 06:00:07,308 [ERROR] Error in add_account: 'TelegramBot' object has no attribute 'bot'
2025-01-09 06:00:07,309 [ERROR] Error in callback_handler: 'TelegramBot' object has no attribute 'bot'
2025-01-09 06:00:43,818 [INFO] Disconnecting from 149.154.167.91:443/TcpFull...
2025-01-09 06:00:43,818 [INFO] Disconnection from 149.154.167.91:443/TcpFull complete!
2025-01-09 06:00:43,822 [WARNING] Bot run was cancelled
2025-01-09 06:00:43,822 [INFO] Shutting down bot...
2025-01-09 06:00:43,822 [INFO] All clients disconnected successfully.
2025-01-09 06:00:43,822 [INFO] Not disconnecting (already have no connection)
2025-01-09 06:00:43,826 [INFO] Bot shut down successfully
2025-01-09 06:00:58,215 [INFO] Config file loaded successfully.
2025-01-09 06:00:58,215 [INFO] ConfigManager initialized successfully.
2025-01-09 06:00:58,216 [INFO] Config file loaded successfully.
2025-01-09 06:00:58,217 [INFO] ConfigManager initialized successfully.
2025-01-09 06:00:58,217 [INFO] ClientManager initialized successfully.
2025-01-09 06:00:58,217 [INFO] Bot initialized successfully
2025-01-09 06:00:58,217 [INFO] Connecting to 149.154.167.91:443/TcpFull...
2025-01-09 06:00:58,218 [INFO] Connection to 149.154.167.91:443/TcpFull complete!
2025-01-09 06:00:59,463 [INFO] Handlers initialized successfully
2025-01-09 06:00:59,463 [INFO] No new sessions detected.
2025-01-09 06:00:59,463 [INFO] Bot started successfully
2025-01-09 06:00:59,463 [INFO] Bot is running...
2025-01-09 06:01:00,727 [INFO] start command in CommandHandler
2025-01-09 06:01:00,944 [INFO] message_handler in MessageHandler
2025-01-09 06:01:02,650 [INFO] callback_handler in CallbackHandler
2025-01-09 06:01:02,650 [INFO] add_account in callback_handler in CallbackHandler
2025-01-09 06:01:02,650 [INFO] add_account in AccountHandler
2025-01-09 06:01:02,651 [ERROR] Error in add_account: 'TelegramBot' object has no attribute 'bot'
2025-01-09 06:01:02,651 [ERROR] Error in callback_handler: 'TelegramBot' object has no attribute 'bot'
2025-01-09 06:01:10,910 [INFO] Disconnecting from 149.154.167.91:443/TcpFull...
2025-01-09 06:01:10,911 [INFO] Disconnection from 149.154.167.91:443/TcpFull complete!
2025-01-09 06:01:10,916 [WARNING] Bot run was cancelled
2025-01-09 06:01:10,916 [INFO] Shutting down bot...
2025-01-09 06:01:10,916 [INFO] All clients disconnected successfully.
2025-01-09 06:01:10,917 [INFO] Not disconnecting (already have no connection)
2025-01-09 06:01:10,920 [INFO] Bot shut down successfully
2025-01-09 06:02:34,136 [INFO] Config file loaded successfully.
2025-01-09 06:02:34,137 [INFO] ConfigManager initialized successfully.
2025-01-09 06:02:34,138 [INFO] Config file loaded successfully.
2025-01-09 06:02:34,138 [INFO] ConfigManager initialized successfully.
2025-01-09 06:02:34,138 [INFO] ClientManager initialized successfully.
2025-01-09 06:02:34,138 [INFO] Bot initialized successfully
2025-01-09 06:02:34,139 [INFO] Connecting to 149.154.167.91:443/TcpFull...
2025-01-09 06:02:34,139 [INFO] Connection to 149.154.167.91:443/TcpFull complete!
2025-01-09 06:02:35,557 [INFO] Handlers initialized successfully
2025-01-09 06:02:35,557 [INFO] No new sessions detected.
2025-01-09 06:02:35,557 [INFO] Bot started successfully
2025-01-09 06:02:35,557 [INFO] Bot is running...
2025-01-09 06:02:37,332 [INFO] start command in CommandHandler
2025-01-09 06:02:37,497 [INFO] message_handler in MessageHandler
2025-01-09 06:02:38,595 [INFO] callback_handler in CallbackHandler
2025-01-09 06:02:38,595 [INFO] add_account in callback_handler in CallbackHandler
2025-01-09 06:02:38,595 [INFO] add_account in AccountHandler
2025-01-09 06:02:38,776 [ERROR] Error in add_account: 'AccountHandler' object has no attribute 'bot'
2025-01-09 06:03:22,733 [INFO] Disconnecting from 149.154.167.91:443/TcpFull...
2025-01-09 06:03:22,734 [INFO] Disconnection from 149.154.167.91:443/TcpFull complete!
2025-01-09 06:03:22,737 [WARNING] Bot run was cancelled
2025-01-09 06:03:22,737 [INFO] Shutting down bot...
2025-01-09 06:03:22,738 [INFO] All clients disconnected successfully.
2025-01-09 06:03:22,738 [INFO] Not disconnecting (already have no connection)
2025-01-09 06:03:22,741 [INFO] Bot shut down successfully
2025-01-09 06:03:24,813 [INFO] Config file loaded successfully.
2025-01-09 06:03:24,813 [INFO] ConfigManager initialized successfully.
2025-01-09 06:03:24,814 [INFO] Config file loaded successfully.
2025-01-09 06:03:24,815 [INFO] ConfigManager initialized successfully.
2025-01-09 06:03:24,815 [INFO] ClientManager initialized successfully.
2025-01-09 06:03:24,815 [INFO] Bot initialized successfully
2025-01-09 06:03:24,815 [INFO] Connecting to 149.154.167.91:443/TcpFull...
2025-01-09 06:03:24,816 [INFO] Connection to 149.154.167.91:443/TcpFull complete!
2025-01-09 06:03:26,159 [INFO] Handlers initialized successfully
2025-01-09 06:03:26,159 [INFO] No new sessions detected.
2025-01-09 06:03:26,159 [INFO] Bot started successfully
2025-01-09 06:03:26,159 [INFO] Bot is running...
2025-01-09 06:03:28,046 [INFO] start command in CommandHandler
2025-01-09 06:03:28,237 [INFO] message_handler in MessageHandler
2025-01-09 06:03:29,108 [INFO] callback_handler in CallbackHandler
2025-01-09 06:03:29,109 [INFO] add_account in callback_handler in CallbackHandler
2025-01-09 06:03:29,109 [INFO] add_account in AccountHandler
2025-01-09 06:03:31,262 [INFO] start command in CommandHandler
2025-01-09 06:03:31,561 [INFO] message_handler in MessageHandler
2025-01-09 06:03:31,561 [INFO] phone_number_handler in AccountHandler
2025-01-09 06:03:31,562 [ERROR] Error in phone_number_handler: 'AccountHandler' object has no attribute 'bot'
2025-01-09 06:03:31,562 [ERROR] Unhandled exception on message_handler
Traceback (most recent call last):
  File "/home/orv/Documents/projects/Telegram-Panel/src/Handlers.py", line 63, in phone_number_handler
    client = TelegramClient(phone_number, self.bot.api_id, self.bot.api_hash)
                                          ^^^^^^^^
AttributeError: 'AccountHandler' object has no attribute 'bot'. Did you mean: 'tbot'?

During handling of the above exception, another exception occurred:

Traceback (most recent call last):
  File "/home/orv/Documents/projects/Telegram-Panel/venv/lib/python3.12/site-packages/telethon/client/updates.py", line 570, in _dispatch_update
    await callback(event)
  File "/home/orv/Documents/projects/Telegram-Panel/src/Handlers.py", line 751, in message_handler
    await self.account_handler.phone_number_handler(event)
  File "/home/orv/Documents/projects/Telegram-Panel/src/Handlers.py", line 78, in phone_number_handler
    await self.bot.bot.send_message(chat_id, "Error occurred. Please try again.")
          ^^^^^^^^
AttributeError: 'AccountHandler' object has no attribute 'bot'. Did you mean: 'tbot'?
2025-01-09 06:03:42,669 [INFO] Disconnecting from 149.154.167.91:443/TcpFull...
2025-01-09 06:03:42,669 [INFO] Disconnection from 149.154.167.91:443/TcpFull complete!
2025-01-09 06:03:42,673 [WARNING] Bot run was cancelled
2025-01-09 06:03:42,673 [INFO] Shutting down bot...
2025-01-09 06:03:42,673 [INFO] All clients disconnected successfully.
2025-01-09 06:03:42,674 [INFO] Not disconnecting (already have no connection)
2025-01-09 06:03:42,677 [INFO] Bot shut down successfully
2025-01-09 06:07:39,127 [INFO] Config file loaded successfully.
2025-01-09 06:07:39,128 [INFO] ConfigManager initialized successfully.
2025-01-09 06:07:39,129 [INFO] Config file loaded successfully.
2025-01-09 06:07:39,129 [INFO] ConfigManager initialized successfully.
2025-01-09 06:07:39,129 [INFO] ClientManager initialized successfully.
2025-01-09 06:07:39,129 [INFO] Bot initialized successfully
2025-01-09 06:07:39,130 [INFO] Connecting to 149.154.167.91:443/TcpFull...
2025-01-09 06:07:39,131 [INFO] Connection to 149.154.167.91:443/TcpFull complete!
2025-01-09 06:07:40,519 [INFO] Handlers initialized successfully
2025-01-09 06:07:40,519 [INFO] No new sessions detected.
2025-01-09 06:07:40,520 [INFO] Bot started successfully
2025-01-09 06:07:40,520 [INFO] Bot is running...
2025-01-09 06:07:42,072 [INFO] start command in CommandHandler
2025-01-09 06:07:42,248 [INFO] message_handler in MessageHandler
2025-01-09 06:07:42,248 [ERROR] Unhandled exception on message_handler
Traceback (most recent call last):
  File "/home/orv/Documents/projects/Telegram-Panel/venv/lib/python3.12/site-packages/telethon/client/updates.py", line 570, in _dispatch_update
    await callback(event)
  File "/home/orv/Documents/projects/Telegram-Panel/src/Handlers.py", line 748, in message_handler
    if event.chat_id in self.tbot._conversations:
                        ^^^^^^^^^
AttributeError: 'MessageHandler' object has no attribute 'tbot'. Did you mean: 'bot'?
2025-01-09 06:09:42,976 [INFO] Disconnecting from 149.154.167.91:443/TcpFull...
2025-01-09 06:09:42,977 [INFO] Disconnection from 149.154.167.91:443/TcpFull complete!
2025-01-09 06:09:42,980 [WARNING] Bot run was cancelled
2025-01-09 06:09:42,981 [INFO] Shutting down bot...
2025-01-09 06:09:42,981 [INFO] All clients disconnected successfully.
2025-01-09 06:09:42,981 [INFO] Not disconnecting (already have no connection)
2025-01-09 06:09:42,984 [INFO] Bot shut down successfully
2025-01-09 06:09:44,385 [INFO] Config file loaded successfully.
2025-01-09 06:09:44,385 [INFO] ConfigManager initialized successfully.
2025-01-09 06:09:44,386 [INFO] Config file loaded successfully.
2025-01-09 06:09:44,386 [INFO] ConfigManager initialized successfully.
2025-01-09 06:09:44,387 [INFO] ClientManager initialized successfully.
2025-01-09 06:09:44,387 [INFO] Bot initialized successfully
2025-01-09 06:09:44,387 [INFO] Connecting to 149.154.167.91:443/TcpFull...
2025-01-09 06:09:44,388 [INFO] Connection to 149.154.167.91:443/TcpFull complete!
2025-01-09 06:09:45,627 [INFO] Handlers initialized successfully
2025-01-09 06:09:45,627 [INFO] No new sessions detected.
2025-01-09 06:09:45,627 [INFO] Bot started successfully
2025-01-09 06:09:45,627 [INFO] Bot is running...
2025-01-09 06:09:47,419 [INFO] start command in CommandHandler
2025-01-09 06:09:47,585 [INFO] message_handler in MessageHandler
2025-01-09 06:09:47,586 [ERROR] Unhandled exception on message_handler
Traceback (most recent call last):
  File "/home/orv/Documents/projects/Telegram-Panel/venv/lib/python3.12/site-packages/telethon/client/updates.py", line 570, in _dispatch_update
    await callback(event)
  File "/home/orv/Documents/projects/Telegram-Panel/src/Handlers.py", line 748, in message_handler
    if event.chat_id in self.tbot._conversations:
                        ^^^^^^^^^
AttributeError: 'MessageHandler' object has no attribute 'tbot'. Did you mean: 'bot'?
2025-01-09 06:09:48,466 [INFO] callback_handler in CallbackHandler
2025-01-09 06:09:48,467 [INFO] add_account in callback_handler in CallbackHandler
2025-01-09 06:09:48,467 [INFO] add_account in AccountHandler
2025-01-09 06:09:55,803 [INFO] Disconnecting from 149.154.167.91:443/TcpFull...
2025-01-09 06:09:55,803 [INFO] Disconnection from 149.154.167.91:443/TcpFull complete!
2025-01-09 06:09:55,807 [WARNING] Bot run was cancelled
2025-01-09 06:09:55,807 [INFO] Shutting down bot...
2025-01-09 06:09:55,807 [INFO] All clients disconnected successfully.
2025-01-09 06:09:55,807 [INFO] Not disconnecting (already have no connection)
2025-01-09 06:09:55,811 [INFO] Bot shut down successfully
2025-01-09 06:10:03,133 [INFO] Config file loaded successfully.
2025-01-09 06:10:03,133 [INFO] ConfigManager initialized successfully.
2025-01-09 06:10:03,135 [INFO] Config file loaded successfully.
2025-01-09 06:10:03,135 [INFO] ConfigManager initialized successfully.
2025-01-09 06:10:03,135 [INFO] ClientManager initialized successfully.
2025-01-09 06:10:03,135 [INFO] Bot initialized successfully
2025-01-09 06:10:03,136 [INFO] Connecting to 149.154.167.91:443/TcpFull...
2025-01-09 06:10:03,137 [INFO] Connection to 149.154.167.91:443/TcpFull complete!
2025-01-09 06:10:04,389 [INFO] Handlers initialized successfully
2025-01-09 06:10:04,389 [INFO] No new sessions detected.
2025-01-09 06:10:04,389 [INFO] Bot started successfully
2025-01-09 06:10:04,389 [INFO] Bot is running...
2025-01-09 06:10:06,397 [INFO] start command in CommandHandler
2025-01-09 06:10:06,584 [INFO] message_handler in MessageHandler
2025-01-09 06:10:06,584 [ERROR] Unhandled exception on message_handler
Traceback (most recent call last):
  File "/home/orv/Documents/projects/Telegram-Panel/venv/lib/python3.12/site-packages/telethon/client/updates.py", line 570, in _dispatch_update
    await callback(event)
  File "/home/orv/Documents/projects/Telegram-Panel/src/Handlers.py", line 748, in message_handler
    if event.chat_id in self.tbot._conversations:
                        ^^^^^^^^^
AttributeError: 'MessageHandler' object has no attribute 'tbot'. Did you mean: 'bot'?
2025-01-09 06:12:03,969 [INFO] Disconnecting from 149.154.167.91:443/TcpFull...
2025-01-09 06:12:03,970 [INFO] Disconnection from 149.154.167.91:443/TcpFull complete!
2025-01-09 06:12:03,974 [WARNING] Bot run was cancelled
2025-01-09 06:12:03,974 [INFO] Shutting down bot...
2025-01-09 06:12:03,974 [INFO] All clients disconnected successfully.
2025-01-09 06:12:03,974 [INFO] Not disconnecting (already have no connection)
2025-01-09 06:12:03,978 [INFO] Bot shut down successfully
2025-01-09 06:12:09,118 [INFO] Config file loaded successfully.
2025-01-09 06:12:09,118 [INFO] ConfigManager initialized successfully.
2025-01-09 06:12:09,119 [INFO] Config file loaded successfully.
2025-01-09 06:12:09,120 [INFO] ConfigManager initialized successfully.
2025-01-09 06:12:09,120 [INFO] ClientManager initialized successfully.
2025-01-09 06:12:09,120 [INFO] Bot initialized successfully
2025-01-09 06:12:09,120 [INFO] Connecting to 149.154.167.91:443/TcpFull...
2025-01-09 06:12:19,131 [WARNING] Attempt 1 at connecting failed: TimeoutError: 
2025-01-09 06:12:20,134 [INFO] Connection to 149.154.167.91:443/TcpFull complete!
2025-01-09 06:12:21,566 [INFO] Handlers initialized successfully
2025-01-09 06:12:21,567 [INFO] No new sessions detected.
2025-01-09 06:12:21,567 [INFO] Bot started successfully
2025-01-09 06:12:21,567 [INFO] Bot is running...
2025-01-09 06:12:23,576 [INFO] start command in CommandHandler
2025-01-09 06:12:23,768 [INFO] message_handler in MessageHandler
2025-01-09 06:12:25,355 [INFO] callback_handler in CallbackHandler
2025-01-09 06:12:25,355 [INFO] add_account in callback_handler in CallbackHandler
2025-01-09 06:12:25,355 [INFO] add_account in AccountHandler
2025-01-09 06:12:33,626 [INFO] start command in CommandHandler
2025-01-09 06:12:36,583 [INFO] message_handler in MessageHandler
2025-01-09 06:12:36,583 [INFO] phone_number_handler in AccountHandler
2025-01-09 06:12:36,583 [ERROR] Error in phone_number_handler: 'TelegramBot' object has no attribute 'api_id'
2025-01-09 06:12:36,847 [INFO] cleanup_temp_handlers in AccountHandler
2025-01-09 06:12:36,878 [INFO] start command in CommandHandler
2025-01-09 06:12:39,768 [INFO] message_handler in MessageHandler
2025-01-09 06:12:39,768 [INFO] phone_number_handler in AccountHandler
2025-01-09 06:12:39,769 [ERROR] Error in phone_number_handler: 'TelegramBot' object has no attribute 'api_id'
2025-01-09 06:12:39,771 [INFO] start command in CommandHandler
2025-01-09 06:12:40,094 [INFO] cleanup_temp_handlers in AccountHandler
2025-01-09 06:12:40,098 [INFO] message_handler in MessageHandler
2025-01-09 06:12:40,098 [INFO] phone_number_handler in AccountHandler
2025-01-09 06:12:40,099 [ERROR] Error in phone_number_handler: 'TelegramBot' object has no attribute 'api_id'
2025-01-09 06:12:40,286 [INFO] cleanup_temp_handlers in AccountHandler
2025-01-09 06:12:42,378 [INFO] callback_handler in CallbackHandler
2025-01-09 06:12:42,379 [INFO] show_stats in callback_handler in CallbackHandler
2025-01-09 06:12:42,379 [INFO] show_stats in StatsHandler
2025-01-09 06:12:53,585 [INFO] Disconnecting from 149.154.167.91:443/TcpFull...
2025-01-09 06:12:53,586 [INFO] Disconnection from 149.154.167.91:443/TcpFull complete!
2025-01-09 06:12:53,589 [WARNING] Bot run was cancelled
2025-01-09 06:12:53,589 [INFO] Shutting down bot...
2025-01-09 06:12:53,589 [INFO] All clients disconnected successfully.
2025-01-09 06:12:53,589 [INFO] Not disconnecting (already have no connection)
2025-01-09 06:12:53,593 [INFO] Bot shut down successfully
2025-01-09 06:20:34,319 [INFO] Config file loaded successfully.
2025-01-09 06:20:34,320 [INFO] ConfigManager initialized successfully.
2025-01-09 06:20:34,321 [INFO] Config file loaded successfully.
2025-01-09 06:20:34,321 [INFO] ConfigManager initialized successfully.
2025-01-09 06:20:34,321 [INFO] ClientManager initialized successfully.
2025-01-09 06:20:34,321 [INFO] Bot initialized successfully
2025-01-09 06:20:34,322 [INFO] Connecting to 149.154.167.91:443/TcpFull...
2025-01-09 06:20:34,323 [INFO] Connection to 149.154.167.91:443/TcpFull complete!
2025-01-09 06:20:35,566 [INFO] Handlers initialized successfully
2025-01-09 06:20:35,566 [INFO] No new sessions detected.
2025-01-09 06:20:35,566 [INFO] Bot started successfully
2025-01-09 06:20:35,566 [INFO] Bot is running...
2025-01-09 06:20:43,622 [INFO] start command in CommandHandler
2025-01-09 06:20:43,930 [INFO] message_handler in MessageHandler
2025-01-09 06:20:45,928 [INFO] callback_handler in CallbackHandler
2025-01-09 06:20:45,928 [INFO] show_accounts in callback_handler in CallbackHandler
2025-01-09 06:20:45,928 [INFO] Executing show_accounts method in AccountHandler
2025-01-09 06:20:46,093 [WARNING] No accounts found in the configuration.
2025-01-09 06:20:58,507 [INFO] callback_handler in CallbackHandler
2025-01-09 06:20:58,507 [INFO] add_keyword in callback_handler in CallbackHandler
2025-01-09 06:20:58,507 [INFO] add_keyword_handler in KeywordHandler
2025-01-09 06:20:58,664 [ERROR] Error adding keyword: 'KeywordHandler' object has no attribute 'tbot'
2025-01-09 06:21:44,368 [INFO] Disconnecting from 149.154.167.91:443/TcpFull...
2025-01-09 06:21:44,369 [INFO] Disconnection from 149.154.167.91:443/TcpFull complete!
2025-01-09 06:21:44,376 [WARNING] Bot run was cancelled
2025-01-09 06:21:44,378 [INFO] Shutting down bot...
2025-01-09 06:21:44,378 [INFO] All clients disconnected successfully.
2025-01-09 06:21:44,378 [INFO] Not disconnecting (already have no connection)
2025-01-09 06:21:44,383 [INFO] Bot shut down successfully
2025-01-09 06:21:47,661 [INFO] Config file loaded successfully.
2025-01-09 06:21:47,661 [INFO] ConfigManager initialized successfully.
2025-01-09 06:21:47,662 [INFO] Config file loaded successfully.
2025-01-09 06:21:47,662 [INFO] ConfigManager initialized successfully.
2025-01-09 06:21:47,662 [INFO] ClientManager initialized successfully.
2025-01-09 06:21:47,663 [INFO] Bot initialized successfully
2025-01-09 06:21:47,663 [INFO] Connecting to 149.154.167.91:443/TcpFull...
2025-01-09 06:21:47,664 [INFO] Connection to 149.154.167.91:443/TcpFull complete!
2025-01-09 06:21:48,985 [INFO] Handlers initialized successfully
2025-01-09 06:21:48,986 [INFO] No new sessions detected.
2025-01-09 06:21:48,986 [INFO] Bot started successfully
2025-01-09 06:21:48,986 [INFO] Bot is running...
2025-01-09 06:21:51,511 [INFO] start command in CommandHandler
2025-01-09 06:21:51,721 [INFO] message_handler in MessageHandler
2025-01-09 06:21:53,315 [INFO] callback_handler in CallbackHandler
2025-01-09 06:21:53,315 [INFO] add_keyword in callback_handler in CallbackHandler
2025-01-09 06:21:53,315 [INFO] add_keyword_handler in KeywordHandler
2025-01-09 06:22:03,028 [INFO] message_handler in MessageHandler
2025-01-09 06:22:03,028 [INFO] add_keyword_handler in KeywordHandler
2025-01-09 06:22:03,029 [INFO] Configuration saved successfully.
2025-01-09 06:22:06,925 [INFO] callback_handler in CallbackHandler
2025-01-09 06:22:06,925 [INFO] add_keyword in callback_handler in CallbackHandler
2025-01-09 06:22:06,925 [INFO] add_keyword_handler in KeywordHandler
2025-01-09 06:22:11,928 [INFO] message_handler in MessageHandler
2025-01-09 06:22:11,928 [INFO] add_keyword_handler in KeywordHandler
2025-01-09 06:22:11,929 [INFO] Configuration saved successfully.
2025-01-09 06:22:55,029 [INFO] Disconnecting from 149.154.167.91:443/TcpFull...
2025-01-09 06:22:55,029 [INFO] Disconnection from 149.154.167.91:443/TcpFull complete!
2025-01-09 06:22:55,033 [WARNING] Bot run was cancelled
2025-01-09 06:22:55,033 [INFO] Shutting down bot...
2025-01-09 06:22:55,033 [INFO] All clients disconnected successfully.
2025-01-09 06:22:55,034 [INFO] Not disconnecting (already have no connection)
2025-01-09 06:22:55,037 [INFO] Bot shut down successfully
2025-01-09 06:52:23,952 [INFO] Config file loaded successfully.
2025-01-09 06:52:23,952 [INFO] ConfigManager initialized successfully.
2025-01-09 06:52:23,953 [INFO] Config file loaded successfully.
2025-01-09 06:52:23,954 [INFO] ConfigManager initialized successfully.
2025-01-09 06:52:23,954 [INFO] ClientManager initialized successfully.
2025-01-09 06:52:23,954 [INFO] Bot initialized successfully
2025-01-09 06:52:23,954 [INFO] Connecting to 149.154.167.91:443/TcpFull...
2025-01-09 06:52:23,955 [INFO] Connection to 149.154.167.91:443/TcpFull complete!
2025-01-09 06:52:25,419 [INFO] Handlers initialized successfully
2025-01-09 06:52:25,420 [INFO] No new sessions detected.
2025-01-09 06:52:25,420 [INFO] Bot started successfully
2025-01-09 06:52:25,420 [INFO] Bot is running...
2025-01-09 06:52:31,852 [INFO] start command in CommandHandler
2025-01-09 06:52:32,035 [INFO] message_handler in MessageHandler
2025-01-09 06:52:36,826 [INFO] callback_handler in CallbackHandler
2025-01-09 06:52:41,864 [INFO] start command in CommandHandler
2025-01-09 06:52:42,051 [INFO] message_handler in MessageHandler
2025-01-09 06:52:43,872 [INFO] start command in CommandHandler
2025-01-09 06:52:44,114 [INFO] message_handler in MessageHandler
2025-01-09 06:58:19,641 [INFO] Disconnecting from 149.154.167.91:443/TcpFull...
2025-01-09 06:58:19,642 [INFO] Disconnection from 149.154.167.91:443/TcpFull complete!
2025-01-09 06:58:19,645 [WARNING] Bot run was cancelled
2025-01-09 06:58:19,646 [INFO] Shutting down bot...
2025-01-09 06:58:19,646 [INFO] All clients disconnected successfully.
2025-01-09 06:58:19,646 [INFO] Not disconnecting (already have no connection)
2025-01-09 06:58:19,649 [INFO] Bot shut down successfully
2025-01-09 06:58:35,499 [INFO] Config file loaded successfully.
2025-01-09 06:58:35,499 [INFO] ConfigManager initialized successfully.
2025-01-09 06:58:35,500 [INFO] Config file loaded successfully.
2025-01-09 06:58:35,501 [INFO] ConfigManager initialized successfully.
2025-01-09 06:58:35,501 [INFO] ClientManager initialized successfully.
2025-01-09 06:58:35,501 [INFO] Bot initialized successfully
2025-01-09 06:58:35,501 [INFO] Connecting to 149.154.167.91:443/TcpFull...
2025-01-09 06:58:35,502 [INFO] Connection to 149.154.167.91:443/TcpFull complete!
2025-01-09 06:58:36,884 [INFO] Handlers initialized successfully
2025-01-09 06:58:36,885 [INFO] No new sessions detected.
2025-01-09 06:58:36,885 [INFO] Bot started successfully
2025-01-09 06:58:36,885 [INFO] Bot is running...
2025-01-09 06:58:44,018 [INFO] callback_handler in CallbackHandler
2025-01-09 06:58:44,018 [INFO] show_stats in callback_handler
2025-01-09 06:58:44,018 [INFO] show_stats in StatsHandler
2025-01-09 06:58:47,437 [INFO] Disconnecting from 149.154.167.91:443/TcpFull...
2025-01-09 06:58:47,438 [INFO] Disconnection from 149.154.167.91:443/TcpFull complete!
2025-01-09 06:58:47,441 [WARNING] Bot run was cancelled
2025-01-09 06:58:47,441 [INFO] Shutting down bot...
2025-01-09 06:58:47,441 [INFO] All clients disconnected successfully.
2025-01-09 06:58:47,442 [INFO] Not disconnecting (already have no connection)
2025-01-09 06:58:47,445 [INFO] Bot shut down successfully
2025-01-09 07:05:52,383 [INFO] Config file loaded successfully.
2025-01-09 07:05:52,383 [INFO] ConfigManager initialized successfully.
2025-01-09 07:05:52,384 [INFO] Config file loaded successfully.
2025-01-09 07:05:52,384 [INFO] ConfigManager initialized successfully.
2025-01-09 07:05:52,385 [INFO] ClientManager initialized successfully.
2025-01-09 07:05:52,385 [INFO] Bot initialized successfully
2025-01-09 07:05:52,385 [INFO] Connecting to 149.154.167.91:443/TcpFull...
2025-01-09 07:05:52,386 [INFO] Connection to 149.154.167.91:443/TcpFull complete!
2025-01-09 07:05:53,846 [INFO] Handlers initialized successfully
2025-01-09 07:05:53,846 [INFO] No new sessions detected.
2025-01-09 07:05:53,846 [INFO] Bot started successfully
2025-01-09 07:05:53,846 [INFO] Bot is running...
2025-01-09 07:05:55,723 [INFO] start command in CommandHandler
2025-01-09 07:05:55,882 [INFO] message_handler in MessageHandler
2025-01-09 07:05:57,664 [INFO] callback_handler in CallbackHandler
2025-01-09 07:05:57,665 [INFO] monitor_mode in callback_handler
2025-01-09 07:05:57,667 [ERROR] Error in callback_handler: 'list' object is not callable
2025-01-09 07:12:40,250 [INFO] Disconnecting from 149.154.167.91:443/TcpFull...
2025-01-09 07:12:40,251 [INFO] Disconnection from 149.154.167.91:443/TcpFull complete!
2025-01-09 07:12:40,258 [WARNING] Bot run was cancelled
2025-01-09 07:12:40,258 [INFO] Shutting down bot...
2025-01-09 07:12:40,258 [INFO] All clients disconnected successfully.
2025-01-09 07:12:40,258 [INFO] Not disconnecting (already have no connection)
2025-01-09 07:12:40,264 [INFO] Bot shut down successfully
2025-01-09 07:12:43,306 [INFO] Config file loaded successfully.
2025-01-09 07:12:43,306 [INFO] ConfigManager initialized successfully.
2025-01-09 07:12:43,307 [INFO] Config file loaded successfully.
2025-01-09 07:12:43,308 [INFO] ConfigManager initialized successfully.
2025-01-09 07:12:43,308 [INFO] ClientManager initialized successfully.
2025-01-09 07:12:43,308 [INFO] Bot initialized successfully
2025-01-09 07:12:43,308 [INFO] Connecting to 149.154.167.91:443/TcpFull...
2025-01-09 07:12:53,319 [WARNING] Attempt 1 at connecting failed: TimeoutError: 
2025-01-09 07:12:54,321 [INFO] Connection to 149.154.167.91:443/TcpFull complete!
2025-01-09 07:12:56,038 [INFO] Handlers initialized successfully
2025-01-09 07:12:56,038 [INFO] No new sessions detected.
2025-01-09 07:12:56,038 [INFO] Bot started successfully
2025-01-09 07:12:56,039 [INFO] Bot is running...
2025-01-09 07:12:57,831 [INFO] start command in CommandHandler
2025-01-09 07:12:57,995 [INFO] message_handler in MessageHandler
2025-01-09 07:12:59,223 [INFO] callback_handler in CallbackHandler
2025-01-09 07:12:59,223 [INFO] monitor_mode in callback_handler
2025-01-09 07:13:32,755 [INFO] Disconnecting from 149.154.167.91:443/TcpFull...
2025-01-09 07:13:32,756 [INFO] Disconnection from 149.154.167.91:443/TcpFull complete!
2025-01-09 07:13:32,759 [WARNING] Bot run was cancelled
2025-01-09 07:13:32,760 [INFO] Shutting down bot...
2025-01-09 07:13:32,760 [INFO] All clients disconnected successfully.
2025-01-09 07:13:32,760 [INFO] Not disconnecting (already have no connection)
2025-01-09 07:13:32,763 [INFO] Bot shut down successfully
2025-01-11 04:02:24,030 [INFO] Config file loaded successfully.
2025-01-11 04:02:24,030 [INFO] ConfigManager initialized successfully.
2025-01-11 04:02:24,032 [INFO] Config file loaded successfully.
2025-01-11 04:02:24,032 [INFO] ConfigManager initialized successfully.
2025-01-11 04:02:24,032 [INFO] ClientManager initialized successfully.
2025-01-11 04:02:24,032 [INFO] Bot initialized successfully
2025-01-11 04:02:24,033 [INFO] Connecting to 149.154.167.91:443/TcpFull...
2025-01-11 04:02:24,034 [INFO] Connection to 149.154.167.91:443/TcpFull complete!
2025-01-11 04:02:25,705 [INFO] Handlers initialized successfully
2025-01-11 04:02:25,705 [INFO] No new sessions detected.
2025-01-11 04:02:25,706 [INFO] Bot started successfully
2025-01-11 04:02:25,706 [INFO] Bot is running...
2025-01-11 04:02:39,492 [INFO] start command in CommandHandler
2025-01-11 04:02:39,684 [INFO] message_handler in MessageHandler
2025-01-11 04:03:11,689 [INFO] Disconnecting from 149.154.167.91:443/TcpFull...
2025-01-11 04:03:11,690 [INFO] Disconnection from 149.154.167.91:443/TcpFull complete!
2025-01-11 04:03:11,694 [WARNING] Bot run was cancelled
2025-01-11 04:03:11,694 [INFO] Shutting down bot...
2025-01-11 04:03:11,694 [INFO] All clients disconnected successfully.
2025-01-11 04:03:11,695 [INFO] Not disconnecting (already have no connection)
2025-01-11 04:03:11,701 [INFO] Bot shut down successfully
2025-01-11 04:03:13,667 [INFO] Config file loaded successfully.
2025-01-11 04:03:13,667 [INFO] ConfigManager initialized successfully.
2025-01-11 04:03:13,668 [INFO] Config file loaded successfully.
2025-01-11 04:03:13,669 [INFO] ConfigManager initialized successfully.
2025-01-11 04:03:13,669 [INFO] ClientManager initialized successfully.
2025-01-11 04:03:13,669 [INFO] Bot initialized successfully
2025-01-11 04:03:13,670 [INFO] Connecting to 149.154.167.91:443/TcpFull...
2025-01-11 04:03:13,671 [INFO] Connection to 149.154.167.91:443/TcpFull complete!
2025-01-11 04:03:15,488 [INFO] Handlers initialized successfully
2025-01-11 04:03:15,488 [INFO] No new sessions detected.
2025-01-11 04:03:15,488 [INFO] Bot started successfully
2025-01-11 04:03:15,488 [INFO] Bot is running...
2025-01-11 04:03:19,422 [INFO] start command in CommandHandler
2025-01-11 04:03:19,719 [INFO] message_handler in MessageHandler
2025-01-11 04:03:48,768 [INFO] Disconnecting from 149.154.167.91:443/TcpFull...
2025-01-11 04:03:48,769 [INFO] Disconnection from 149.154.167.91:443/TcpFull complete!
2025-01-11 04:03:48,775 [WARNING] Bot run was cancelled
2025-01-11 04:03:48,775 [INFO] Shutting down bot...
2025-01-11 04:03:48,775 [INFO] All clients disconnected successfully.
2025-01-11 04:03:48,775 [INFO] Not disconnecting (already have no connection)
2025-01-11 04:03:48,782 [INFO] Bot shut down successfully
2025-01-11 04:03:50,294 [INFO] Config file loaded successfully.
2025-01-11 04:03:50,294 [INFO] ConfigManager initialized successfully.
2025-01-11 04:03:50,296 [INFO] Config file loaded successfully.
2025-01-11 04:03:50,296 [INFO] ConfigManager initialized successfully.
2025-01-11 04:03:50,296 [INFO] ClientManager initialized successfully.
2025-01-11 04:03:50,297 [INFO] Bot initialized successfully
2025-01-11 04:03:50,297 [INFO] Connecting to 149.154.167.91:443/TcpFull...
2025-01-11 04:03:50,298 [INFO] Connection to 149.154.167.91:443/TcpFull complete!
2025-01-11 04:03:51,838 [INFO] Handlers initialized successfully
2025-01-11 04:03:51,838 [INFO] No new sessions detected.
2025-01-11 04:03:51,838 [INFO] Bot started successfully
2025-01-11 04:03:51,838 [INFO] Bot is running...
2025-01-11 04:03:52,964 [INFO] start command in CommandHandler
2025-01-11 04:03:53,167 [INFO] message_handler in MessageHandler
2025-01-11 04:04:02,740 [INFO] callback_handler in CallbackHandler
2025-01-11 04:04:02,740 [INFO] account_management in callback_handler
2025-01-11 04:04:26,214 [INFO] callback_handler in CallbackHandler
2025-01-11 04:04:26,214 [INFO] individual_operations in callback_handler
2025-01-11 04:06:35,781 [INFO] Disconnecting from 149.154.167.91:443/TcpFull...
2025-01-11 04:06:35,782 [INFO] Disconnection from 149.154.167.91:443/TcpFull complete!
2025-01-11 04:06:35,786 [WARNING] Bot run was cancelled
2025-01-11 04:06:35,786 [INFO] Shutting down bot...
2025-01-11 04:06:35,786 [INFO] All clients disconnected successfully.
2025-01-11 04:06:35,786 [INFO] Not disconnecting (already have no connection)
2025-01-11 04:06:35,792 [INFO] Bot shut down successfully
2025-01-11 04:06:37,612 [INFO] Config file loaded successfully.
2025-01-11 04:06:37,612 [INFO] ConfigManager initialized successfully.
2025-01-11 04:06:37,613 [INFO] Config file loaded successfully.
2025-01-11 04:06:37,613 [INFO] ConfigManager initialized successfully.
2025-01-11 04:06:37,614 [INFO] ClientManager initialized successfully.
2025-01-11 04:06:37,614 [INFO] Bot initialized successfully
2025-01-11 04:06:37,614 [INFO] Connecting to 149.154.167.91:443/TcpFull...
2025-01-11 04:06:37,616 [INFO] Connection to 149.154.167.91:443/TcpFull complete!
2025-01-11 04:06:39,220 [INFO] Handlers initialized successfully
2025-01-11 04:06:39,220 [INFO] No new sessions detected.
2025-01-11 04:06:39,221 [INFO] Bot started successfully
2025-01-11 04:06:39,221 [INFO] Bot is running...
2025-01-11 04:06:42,498 [INFO] start command in CommandHandler
2025-01-11 04:06:42,729 [INFO] message_handler in MessageHandler
2025-01-11 04:06:44,499 [INFO] callback_handler in CallbackHandler
2025-01-11 04:06:44,499 [INFO] account_management in callback_handler
2025-01-11 04:06:44,499 [ERROR] Error in callback_handler: type object 'Keyboard' has no attribute 'individual_operations_keyboard'
2025-01-11 04:06:52,240 [INFO] Disconnecting from 149.154.167.91:443/TcpFull...
2025-01-11 04:06:52,241 [INFO] Disconnection from 149.154.167.91:443/TcpFull complete!
2025-01-11 04:06:52,246 [WARNING] Bot run was cancelled
2025-01-11 04:06:52,246 [INFO] Shutting down bot...
2025-01-11 04:06:52,246 [INFO] All clients disconnected successfully.
2025-01-11 04:06:52,246 [INFO] Not disconnecting (already have no connection)
2025-01-11 04:06:52,252 [INFO] Bot shut down successfully
2025-01-11 04:06:54,276 [INFO] Config file loaded successfully.
2025-01-11 04:06:54,277 [INFO] ConfigManager initialized successfully.
2025-01-11 04:06:54,278 [INFO] Config file loaded successfully.
2025-01-11 04:06:54,278 [INFO] ConfigManager initialized successfully.
2025-01-11 04:06:54,279 [INFO] ClientManager initialized successfully.
2025-01-11 04:06:54,279 [INFO] Bot initialized successfully
2025-01-11 04:06:54,279 [INFO] Connecting to 149.154.167.91:443/TcpFull...
2025-01-11 04:06:54,280 [INFO] Connection to 149.154.167.91:443/TcpFull complete!
2025-01-11 04:06:55,936 [INFO] Handlers initialized successfully
2025-01-11 04:06:55,937 [INFO] No new sessions detected.
2025-01-11 04:06:55,937 [INFO] Bot started successfully
2025-01-11 04:06:55,937 [INFO] Bot is running...
2025-01-11 04:06:57,574 [INFO] start command in CommandHandler
2025-01-11 04:06:57,781 [INFO] message_handler in MessageHandler
2025-01-11 04:06:58,722 [INFO] callback_handler in CallbackHandler
2025-01-11 04:06:58,723 [INFO] account_management in callback_handler
2025-01-11 04:07:00,944 [INFO] Disconnecting from 149.154.167.91:443/TcpFull...
2025-01-11 04:07:00,945 [INFO] Disconnection from 149.154.167.91:443/TcpFull complete!
2025-01-11 04:07:00,950 [WARNING] Bot run was cancelled
2025-01-11 04:07:00,950 [INFO] Shutting down bot...
2025-01-11 04:07:00,950 [INFO] All clients disconnected successfully.
2025-01-11 04:07:00,950 [INFO] Not disconnecting (already have no connection)
2025-01-11 04:07:00,955 [INFO] Bot shut down successfully
2025-01-11 04:08:42,570 [INFO] Config file loaded successfully.
2025-01-11 04:08:42,571 [INFO] ConfigManager initialized successfully.
2025-01-11 04:08:42,572 [INFO] Config file loaded successfully.
2025-01-11 04:08:42,573 [INFO] ConfigManager initialized successfully.
2025-01-11 04:08:42,573 [INFO] ClientManager initialized successfully.
2025-01-11 04:08:42,573 [INFO] Bot initialized successfully
2025-01-11 04:08:42,573 [INFO] Connecting to 149.154.167.91:443/TcpFull...
2025-01-11 04:08:42,575 [INFO] Connection to 149.154.167.91:443/TcpFull complete!
2025-01-11 04:08:44,437 [INFO] Handlers initialized successfully
2025-01-11 04:08:44,437 [INFO] No new sessions detected.
2025-01-11 04:08:44,437 [INFO] Bot started successfully
2025-01-11 04:08:44,437 [INFO] Bot is running...
2025-01-11 04:09:01,945 [INFO] start command in CommandHandler
2025-01-11 04:09:02,134 [INFO] message_handler in MessageHandler
2025-01-11 04:09:03,144 [INFO] callback_handler in CallbackHandler
2025-01-11 04:09:03,145 [INFO] account_management in callback_handler
2025-01-11 04:09:03,145 [ERROR] Error in callback_handler: type object 'Keyboard' has no attribute 'individual_operations_keyboard'
2025-01-11 04:09:36,409 [INFO] callback_handler in CallbackHandler
2025-01-11 04:09:36,409 [INFO] account_management in callback_handler
2025-01-11 04:09:36,409 [ERROR] Error in callback_handler: type object 'Keyboard' has no attribute 'individual_operations_keyboard'
2025-01-11 04:09:39,286 [INFO] callback_handler in CallbackHandler
2025-01-11 04:09:39,286 [INFO] monitor_mode in callback_handler
2025-01-11 04:09:39,286 [ERROR] Error in callback_handler: type object 'Keyboard' has no attribute 'individual_operations_keyboard'
2025-01-11 04:11:27,909 [INFO] Disconnecting from 149.154.167.91:443/TcpFull...
2025-01-11 04:11:27,909 [INFO] Disconnection from 149.154.167.91:443/TcpFull complete!
2025-01-11 04:11:27,916 [WARNING] Bot run was cancelled
2025-01-11 04:11:27,916 [INFO] Shutting down bot...
2025-01-11 04:11:27,917 [INFO] All clients disconnected successfully.
2025-01-11 04:11:27,917 [INFO] Not disconnecting (already have no connection)
2025-01-11 04:11:27,921 [INFO] Bot shut down successfully
2025-01-11 04:11:54,438 [INFO] Config file loaded successfully.
2025-01-11 04:11:54,438 [INFO] ConfigManager initialized successfully.
2025-01-11 04:11:54,439 [INFO] Config file loaded successfully.
2025-01-11 04:11:54,440 [INFO] ConfigManager initialized successfully.
2025-01-11 04:11:54,440 [INFO] ClientManager initialized successfully.
2025-01-11 04:11:54,440 [INFO] Bot initialized successfully
2025-01-11 04:11:54,440 [INFO] Connecting to 149.154.167.91:443/TcpFull...
2025-01-11 04:11:54,442 [INFO] Connection to 149.154.167.91:443/TcpFull complete!
2025-01-11 04:11:56,101 [INFO] Handlers initialized successfully
2025-01-11 04:11:56,101 [INFO] No new sessions detected.
2025-01-11 04:11:56,101 [INFO] Bot started successfully
2025-01-11 04:11:56,101 [INFO] Bot is running...
2025-01-11 04:11:57,738 [INFO] start command in CommandHandler
2025-01-11 04:11:58,043 [INFO] message_handler in MessageHandler
2025-01-11 04:11:58,992 [INFO] callback_handler in CallbackHandler
2025-01-11 04:11:58,993 [INFO] account_management in callback_handler
2025-01-11 04:12:02,353 [INFO] callback_handler in CallbackHandler
2025-01-11 04:12:02,353 [INFO] individual_operations in callback_handler
2025-01-11 04:13:32,760 [INFO] Disconnecting from 149.154.167.91:443/TcpFull...
2025-01-11 04:13:32,761 [INFO] Disconnection from 149.154.167.91:443/TcpFull complete!
2025-01-11 04:13:32,767 [WARNING] Bot run was cancelled
2025-01-11 04:13:32,767 [INFO] Shutting down bot...
2025-01-11 04:13:32,767 [INFO] All clients disconnected successfully.
2025-01-11 04:13:32,767 [INFO] Not disconnecting (already have no connection)
2025-01-11 04:13:32,772 [INFO] Bot shut down successfully
2025-01-11 04:13:34,553 [INFO] Config file loaded successfully.
2025-01-11 04:13:34,553 [INFO] ConfigManager initialized successfully.
2025-01-11 04:13:34,555 [INFO] Config file loaded successfully.
2025-01-11 04:13:34,555 [INFO] ConfigManager initialized successfully.
2025-01-11 04:13:34,555 [INFO] ClientManager initialized successfully.
2025-01-11 04:13:34,555 [INFO] Bot initialized successfully
2025-01-11 04:13:34,556 [INFO] Connecting to 149.154.167.91:443/TcpFull...
2025-01-11 04:13:34,557 [INFO] Connection to 149.154.167.91:443/TcpFull complete!
2025-01-11 04:13:36,129 [ERROR] Error initializing handlers: 'CallbackHandler' object has no attribute 'show_individual_keyboard'
2025-01-11 04:13:36,130 [ERROR] Error during bot start: 'CallbackHandler' object has no attribute 'show_individual_keyboard'
2025-01-11 04:13:36,130 [ERROR] Error running bot: 'CallbackHandler' object has no attribute 'show_individual_keyboard'
2025-01-11 04:13:36,130 [INFO] Shutting down bot...
2025-01-11 04:13:36,130 [INFO] All clients disconnected successfully.
2025-01-11 04:13:36,130 [INFO] Disconnecting from 149.154.167.91:443/TcpFull...
2025-01-11 04:13:36,131 [INFO] Disconnection from 149.154.167.91:443/TcpFull complete!
2025-01-11 04:13:36,137 [INFO] Bot shut down successfully
2025-01-11 04:13:40,308 [INFO] Config file loaded successfully.
2025-01-11 04:13:40,308 [INFO] ConfigManager initialized successfully.
2025-01-11 04:13:40,310 [INFO] Config file loaded successfully.
2025-01-11 04:13:40,310 [INFO] ConfigManager initialized successfully.
2025-01-11 04:13:40,310 [INFO] ClientManager initialized successfully.
2025-01-11 04:13:40,310 [INFO] Bot initialized successfully
2025-01-11 04:13:40,311 [INFO] Connecting to 149.154.167.91:443/TcpFull...
2025-01-11 04:13:40,311 [INFO] Connection to 149.154.167.91:443/TcpFull complete!
2025-01-11 04:13:42,100 [ERROR] Error initializing handlers: 'CallbackHandler' object has no attribute 'show_individual_keyboard'
2025-01-11 04:13:42,100 [ERROR] Error during bot start: 'CallbackHandler' object has no attribute 'show_individual_keyboard'
2025-01-11 04:13:42,100 [ERROR] Error running bot: 'CallbackHandler' object has no attribute 'show_individual_keyboard'
2025-01-11 04:13:42,101 [INFO] Shutting down bot...
2025-01-11 04:13:42,101 [INFO] All clients disconnected successfully.
2025-01-11 04:13:42,101 [INFO] Disconnecting from 149.154.167.91:443/TcpFull...
2025-01-11 04:13:42,102 [INFO] Disconnection from 149.154.167.91:443/TcpFull complete!
2025-01-11 04:13:42,107 [INFO] Bot shut down successfully
2025-01-11 04:13:55,846 [INFO] Config file loaded successfully.
2025-01-11 04:13:55,847 [INFO] ConfigManager initialized successfully.
2025-01-11 04:13:55,849 [INFO] Config file loaded successfully.
2025-01-11 04:13:55,849 [INFO] ConfigManager initialized successfully.
2025-01-11 04:13:55,849 [INFO] ClientManager initialized successfully.
2025-01-11 04:13:55,849 [INFO] Bot initialized successfully
2025-01-11 04:13:55,850 [INFO] Connecting to 149.154.167.91:443/TcpFull...
2025-01-11 04:13:55,851 [INFO] Connection to 149.154.167.91:443/TcpFull complete!
2025-01-11 04:13:57,452 [ERROR] Error initializing handlers: 'CallbackHandler' object has no attribute 'show_individual_keyboard'
2025-01-11 04:13:57,452 [ERROR] Error during bot start: 'CallbackHandler' object has no attribute 'show_individual_keyboard'
2025-01-11 04:13:57,453 [ERROR] Error running bot: 'CallbackHandler' object has no attribute 'show_individual_keyboard'
2025-01-11 04:13:57,453 [INFO] Shutting down bot...
2025-01-11 04:13:57,453 [INFO] All clients disconnected successfully.
2025-01-11 04:13:57,453 [INFO] Disconnecting from 149.154.167.91:443/TcpFull...
2025-01-11 04:13:57,454 [INFO] Disconnection from 149.154.167.91:443/TcpFull complete!
2025-01-11 04:13:57,457 [INFO] Bot shut down successfully
2025-01-11 04:14:55,860 [INFO] Config file loaded successfully.
2025-01-11 04:14:55,860 [INFO] ConfigManager initialized successfully.
2025-01-11 04:14:55,862 [INFO] Config file loaded successfully.
2025-01-11 04:14:55,862 [INFO] ConfigManager initialized successfully.
2025-01-11 04:14:55,863 [INFO] ClientManager initialized successfully.
2025-01-11 04:14:55,863 [INFO] Bot initialized successfully
2025-01-11 04:14:55,863 [INFO] Connecting to 149.154.167.91:443/TcpFull...
2025-01-11 04:14:55,864 [INFO] Connection to 149.154.167.91:443/TcpFull complete!
2025-01-11 04:14:57,450 [INFO] Handlers initialized successfully
2025-01-11 04:14:57,451 [INFO] No new sessions detected.
2025-01-11 04:14:57,451 [INFO] Bot started successfully
2025-01-11 04:14:57,451 [INFO] Bot is running...
2025-01-11 04:15:00,383 [INFO] start command in CommandHandler
2025-01-11 04:15:00,572 [INFO] message_handler in MessageHandler
2025-01-11 04:15:01,906 [INFO] callback_handler in CallbackHandler
2025-01-11 04:15:01,906 [INFO] account_management in callback_handler
2025-01-11 04:15:03,818 [INFO] callback_handler in CallbackHandler
2025-01-11 04:15:03,818 [ERROR] No handler found for callback data: individual_operations
2025-01-11 04:15:30,763 [INFO] Disconnecting from 149.154.167.91:443/TcpFull...
2025-01-11 04:15:30,764 [INFO] Disconnection from 149.154.167.91:443/TcpFull complete!
2025-01-11 04:15:30,769 [WARNING] Bot run was cancelled
2025-01-11 04:15:30,769 [INFO] Shutting down bot...
2025-01-11 04:15:30,770 [INFO] All clients disconnected successfully.
2025-01-11 04:15:30,770 [INFO] Not disconnecting (already have no connection)
2025-01-11 04:15:30,776 [INFO] Bot shut down successfully
2025-01-11 04:15:32,950 [INFO] Config file loaded successfully.
2025-01-11 04:15:32,950 [INFO] ConfigManager initialized successfully.
2025-01-11 04:15:32,952 [INFO] Config file loaded successfully.
2025-01-11 04:15:32,952 [INFO] ConfigManager initialized successfully.
2025-01-11 04:15:32,952 [INFO] ClientManager initialized successfully.
2025-01-11 04:15:32,952 [INFO] Bot initialized successfully
2025-01-11 04:15:32,953 [INFO] Connecting to 149.154.167.91:443/TcpFull...
2025-01-11 04:15:32,954 [INFO] Connection to 149.154.167.91:443/TcpFull complete!
2025-01-11 04:15:34,509 [INFO] Handlers initialized successfully
2025-01-11 04:15:34,509 [INFO] No new sessions detected.
2025-01-11 04:15:34,510 [INFO] Bot started successfully
2025-01-11 04:15:34,510 [INFO] Bot is running...
2025-01-11 04:15:35,894 [INFO] start command in CommandHandler
2025-01-11 04:15:36,089 [INFO] message_handler in MessageHandler
2025-01-11 04:15:37,466 [INFO] callback_handler in CallbackHandler
2025-01-11 04:15:37,466 [INFO] individual_keyboard in callback_handler
2025-01-11 04:15:41,266 [INFO] start command in CommandHandler
2025-01-11 04:15:41,467 [INFO] message_handler in MessageHandler
2025-01-11 04:15:42,618 [INFO] callback_handler in CallbackHandler
2025-01-11 04:15:42,618 [INFO] bulk_operations in callback_handler
2025-01-11 04:15:47,147 [INFO] start command in CommandHandler
2025-01-11 04:15:47,344 [INFO] message_handler in MessageHandler
2025-01-11 04:15:48,714 [INFO] callback_handler in CallbackHandler
2025-01-11 04:15:48,714 [INFO] monitor_mode in callback_handler
2025-01-11 04:16:08,466 [INFO] callback_handler in CallbackHandler
2025-01-11 04:16:08,466 [INFO] report in callback_handler
2025-01-11 04:18:19,414 [INFO] callback_handler in CallbackHandler
2025-01-11 04:18:19,414 [INFO] account_management in callback_handler
2025-01-11 04:34:40,148 [INFO] Disconnecting from 149.154.167.91:443/TcpFull...
2025-01-11 04:34:40,149 [INFO] Disconnection from 149.154.167.91:443/TcpFull complete!
2025-01-11 04:34:40,153 [WARNING] Bot run was cancelled
2025-01-11 04:34:40,153 [INFO] Shutting down bot...
2025-01-11 04:34:40,153 [INFO] All clients disconnected successfully.
2025-01-11 04:34:40,153 [INFO] Not disconnecting (already have no connection)
2025-01-11 04:34:40,159 [INFO] Bot shut down successfully
2025-01-11 04:34:44,845 [INFO] Config file loaded successfully.
2025-01-11 04:34:44,845 [INFO] ConfigManager initialized successfully.
2025-01-11 04:34:44,847 [INFO] Config file loaded successfully.
2025-01-11 04:34:44,847 [INFO] ConfigManager initialized successfully.
2025-01-11 04:34:44,847 [INFO] ClientManager initialized successfully.
2025-01-11 04:34:44,847 [INFO] Bot initialized successfully
2025-01-11 04:34:44,848 [INFO] Connecting to 149.154.167.91:443/TcpFull...
2025-01-11 04:34:44,849 [INFO] Connection to 149.154.167.91:443/TcpFull complete!
2025-01-11 04:34:46,514 [INFO] Handlers initialized successfully
2025-01-11 04:34:46,515 [INFO] No new sessions detected.
2025-01-11 04:34:46,515 [INFO] Bot started successfully
2025-01-11 04:34:46,515 [INFO] Bot is running...
2025-01-11 04:34:49,554 [INFO] start command in CommandHandler
2025-01-11 04:34:49,743 [INFO] message_handler in MessageHandler
2025-01-11 04:34:50,768 [INFO] callback_handler in CallbackHandler
2025-01-11 04:34:50,768 [INFO] account_management in callback_handler
2025-01-11 04:34:52,002 [INFO] callback_handler in CallbackHandler
2025-01-11 04:34:52,002 [INFO] exit in callback_handler
2025-01-11 04:34:55,787 [INFO] callback_handler in CallbackHandler
2025-01-11 04:34:55,787 [INFO] individual_keyboard in callback_handler
2025-01-11 04:34:56,924 [INFO] callback_handler in CallbackHandler
2025-01-11 04:34:56,924 [INFO] exit in callback_handler
2025-01-11 04:34:58,439 [INFO] callback_handler in CallbackHandler
2025-01-11 04:34:58,440 [INFO] bulk_operations in callback_handler
2025-01-11 04:34:59,642 [INFO] callback_handler in CallbackHandler
2025-01-11 04:34:59,642 [INFO] exit in callback_handler
2025-01-11 04:35:01,009 [INFO] callback_handler in CallbackHandler
2025-01-11 04:35:01,009 [INFO] monitor_mode in callback_handler
2025-01-11 04:35:02,134 [INFO] callback_handler in CallbackHandler
2025-01-11 04:35:02,134 [INFO] exit in callback_handler
2025-01-11 04:35:03,907 [INFO] callback_handler in CallbackHandler
2025-01-11 04:35:03,908 [INFO] report in callback_handler
2025-01-11 04:35:45,375 [INFO] Disconnecting from 149.154.167.91:443/TcpFull...
2025-01-11 04:35:45,376 [INFO] Disconnection from 149.154.167.91:443/TcpFull complete!
2025-01-11 04:35:45,420 [WARNING] Bot run was cancelled
2025-01-11 04:35:45,420 [INFO] Shutting down bot...
2025-01-11 04:35:45,421 [INFO] All clients disconnected successfully.
2025-01-11 04:35:45,421 [INFO] Not disconnecting (already have no connection)
2025-01-11 04:35:45,425 [INFO] Bot shut down successfully
